<?xml version="1.0" encoding="UTF-8"?>
<testsuite xmlns:xsi="http://www.w3.org/2001/XMLSchema-instance" xsi:noNamespaceSchemaLocation="https://maven.apache.org/surefire/maven-surefire-plugin/xsd/surefire-test-report-3.0.xsd" version="3.0" name="com.internship.management.controller.InternControllerIntegrationTest" time="13.933" tests="1" errors="0" skipped="0" failures="0">
  <properties>
[...]
</properties>
  <testcase name="testRoleBasedAccessAndCRUDWorkflow" classname="com.internship.management.controller.InternControllerIntegrationTest" time="7.97">
    <system-out><![CDATA[14:28:03.367 [main] INFO org.springframework.test.context.support.AnnotationConfigContextLoaderUtils -- Could not detect default configuration classes for test class [com.internship.management.controller.InternControllerIntegrationTest]: InternControllerIntegrationTest does not declare any static, non-private, non-final, nested classes annotated with @Configuration.
14:28:03.582 [main] INFO org.springframework.boot.test.context.SpringBootTestContextBootstrapper -- Found @SpringBootConfiguration com.internship.management.InternshipManagementApplication for test class com.internship.management.controller.InternControllerIntegrationTest

  .   ____          _            __ _ _
 /\\ / ___'_ __ _ _(_)_ __  __ _ \ \ \ \
( ( )\___ | '_ | '_| | '_ \/ _` | \ \ \ \
 \\/  ___)| |_)| | | | | || (_| |  ) ) ) )
  '  |____| .__|_| |_|_| |_\__, | / / / /
 =========|_|==============|___/=/_/_/_/

 :: Spring Boot ::                (v3.3.2)

2026-08-02T14:28:04.136+05:30  INFO 4792 --- [internship-management] [           main] c.i.m.c.InternControllerIntegrationTest  : Starting InternControllerIntegrationTest using Java 26.0.2 with PID 4792 (started by ASUS in C:\Users\ASUS\OneDrive\Documents\GitHub\Internship_Management_and_Task_Tracking-System\backend)
2026-08-02T14:28:04.137+05:30  INFO 4792 --- [internship-management] [           main] c.i.m.c.InternControllerIntegrationTest  : No active profile set, falling back to 1 default profile: "default"
2026-08-02T14:28:05.040+05:30  INFO 4792 --- [internship-management] [           main] .s.d.r.c.RepositoryConfigurationDelegate : Bootstrapping Spring Data MongoDB repositories in DEFAULT mode.
2026-08-02T14:28:05.155+05:30  INFO 4792 --- [internship-management] [           main] .s.d.r.c.RepositoryConfigurationDelegate : Finished Spring Data repository scanning in 111 ms. Found 6 MongoDB repository interfaces.
2026-08-02T14:28:05.865+05:30  INFO 4792 --- [internship-management] [           main] org.mongodb.driver.client                : MongoClient with metadata {"application": {"name": "Cluster0"}, "driver": {"name": "mongo-java-driver|sync|spring-boot", "version": "5.0.1"}, "os": {"type": "Windows", "name": "Windows 11", "architecture": "amd64", "version": "10.0"}, "platform": "Java/Oracle Corporation/26.0.2+10-55"} created with settings MongoClientSettings{readPreference=primary, writeConcern=WriteConcern{w=null, wTimeout=null ms, journal=null}, retryWrites=true, retryReads=true, readConcern=ReadConcern{level=null}, credential=MongoCredential{mechanism=null, userName='Admin', source='admin', password=<hidden>, mechanismProperties=<hidden>}, transportSettings=null, commandListeners=[], codecRegistry=ProvidersCodecRegistry{codecProviders=[ValueCodecProvider{}, BsonValueCodecProvider{}, DBRefCodecProvider{}, DBObjectCodecProvider{}, DocumentCodecProvider{}, CollectionCodecProvider{}, IterableCodecProvider{}, MapCodecProvider{}, GeoJsonCodecProvider{}, GridFSFileCodecProvider{}, Jsr310CodecProvider{}, JsonObjectCodecProvider{}, BsonCodecProvider{}, EnumCodecProvider{}, com.mongodb.client.model.mql.ExpressionCodecProvider@69796bd0, com.mongodb.Jep395RecordCodecProvider@40df6090, com.mongodb.KotlinCodecProvider@8c0a23f]}, loggerSettings=LoggerSettings{maxDocumentLength=1000}, clusterSettings={hosts=[127.0.0.1:27017], srvHost=cluster0.2ndv7.mongodb.net, srvServiceName=mongodb, mode=MULTIPLE, requiredClusterType=REPLICA_SET, requiredReplicaSetName='atlas-e0a8cn-shard-0', serverSelector='null', clusterListeners='[]', serverSelectionTimeout='30000 ms', localThreshold='15 ms'}, socketSettings=SocketSettings{connectTimeoutMS=10000, readTimeoutMS=0, receiveBufferSize=0, proxySettings=ProxySettings{host=null, port=null, username=null, password=null}}, heartbeatSocketSettings=SocketSettings{connectTimeoutMS=10000, readTimeoutMS=10000, receiveBufferSize=0, proxySettings=ProxySettings{host=null, port=null, username=null, password=null}}, connectionPoolSettings=ConnectionPoolSettings{maxSize=100, minSize=0, maxWaitTimeMS=120000, maxConnectionLifeTimeMS=0, maxConnectionIdleTimeMS=0, maintenanceInitialDelayMS=0, maintenanceFrequencyMS=60000, connectionPoolListeners=[], maxConnecting=2}, serverSettings=ServerSettings{heartbeatFrequencyMS=10000, minHeartbeatFrequencyMS=500, serverListeners='[]', serverMonitorListeners='[]'}, sslSettings=SslSettings{enabled=true, invalidHostNameAllowed=false, context=null}, applicationName='Cluster0', compressorList=[], uuidRepresentation=JAVA_LEGACY, serverApi=null, autoEncryptionSettings=null, dnsClient=null, inetAddressResolver=null, contextProvider=null}
2026-08-02T14:28:06.102+05:30  INFO 4792 --- [internship-management] [dv7.mongodb.net] org.mongodb.driver.cluster               : Adding discovered server cluster0-shard-00-01.2ndv7.mongodb.net:27017 to client view of cluster
2026-08-02T14:28:06.132+05:30  INFO 4792 --- [internship-management] [dv7.mongodb.net] org.mongodb.driver.cluster               : Adding discovered server cluster0-shard-00-00.2ndv7.mongodb.net:27017 to client view of cluster
2026-08-02T14:28:06.136+05:30  INFO 4792 --- [internship-management] [dv7.mongodb.net] org.mongodb.driver.cluster               : Adding discovered server cluster0-shard-00-02.2ndv7.mongodb.net:27017 to client view of cluster
2026-08-02T14:28:06.528+05:30  INFO 4792 --- [internship-management] [           main] eAuthenticationProviderManagerConfigurer : Global AuthenticationManager configured with AuthenticationProvider bean with name authenticationProvider
2026-08-02T14:28:06.529+05:30  WARN 4792 --- [internship-management] [           main] r$InitializeUserDetailsManagerConfigurer : Global AuthenticationManager configured with an AuthenticationProvider bean. UserDetailsService beans will not be used for username/password login. Consider removing the AuthenticationProvider bean. Alternatively, consider using the UserDetailsService in a manually instantiated DaoAuthenticationProvider.
2026-08-02T14:28:07.337+05:30  INFO 4792 --- [internship-management] [ngodb.net:27017] org.mongodb.driver.cluster               : Monitor thread successfully connected to server with description ServerDescription{address=cluster0-shard-00-00.2ndv7.mongodb.net:27017, type=REPLICA_SET_SECONDARY, state=CONNECTED, ok=true, minWireVersion=0, maxWireVersion=25, maxDocumentSize=16777216, logicalSessionTimeoutMinutes=30, roundTripTimeNanos=759583700, setName='atlas-e0a8cn-shard-0', canonicalAddress=cluster0-shard-00-00.2ndv7.mongodb.net:27017, hosts=[cluster0-shard-00-02.2ndv7.mongodb.net:27017, cluster0-shard-00-00.2ndv7.mongodb.net:27017, cluster0-shard-00-01.2ndv7.mongodb.net:27017], passives=[], arbiters=[], primary='cluster0-shard-00-02.2ndv7.mongodb.net:27017', tagSet=TagSet{[Tag{name='availabilityZone', value='asia-south1-a'}, Tag{name='cacheState', value='READY'}, Tag{name='diskState', value='READY'}, Tag{name='nodeType', value='ELECTABLE'}, Tag{name='provider', value='GCP'}, Tag{name='region', value='ASIA_SOUTH_1'}, Tag{name='workloadType', value='OPERATIONAL'}]}, electionId=null, setVersion=86, topologyVersion=TopologyVersion{processId=6a6cdadaf0a0a5cd46e56aa1, counter=12}, lastWriteDate=Sun Aug 02 14:28:07 IST 2026, lastUpdateTimeNanos=14093090041900}
2026-08-02T14:28:07.347+05:30  INFO 4792 --- [internship-management] [ngodb.net:27017] org.mongodb.driver.cluster               : Monitor thread successfully connected to server with description ServerDescription{address=cluster0-shard-00-01.2ndv7.mongodb.net:27017, type=REPLICA_SET_SECONDARY, state=CONNECTED, ok=true, minWireVersion=0, maxWireVersion=25, maxDocumentSize=16777216, logicalSessionTimeoutMinutes=30, roundTripTimeNanos=761406700, setName='atlas-e0a8cn-shard-0', canonicalAddress=cluster0-shard-00-01.2ndv7.mongodb.net:27017, hosts=[cluster0-shard-00-02.2ndv7.mongodb.net:27017, cluster0-shard-00-00.2ndv7.mongodb.net:27017, cluster0-shard-00-01.2ndv7.mongodb.net:27017], passives=[], arbiters=[], primary='cluster0-shard-00-02.2ndv7.mongodb.net:27017', tagSet=TagSet{[Tag{name='availabilityZone', value='asia-south1-b'}, Tag{name='cacheState', value='READY'}, Tag{name='diskState', value='READY'}, Tag{name='nodeType', value='ELECTABLE'}, Tag{name='provider', value='GCP'}, Tag{name='region', value='ASIA_SOUTH_1'}, Tag{name='workloadType', value='OPERATIONAL'}]}, electionId=null, setVersion=86, topologyVersion=TopologyVersion{processId=6a6cddf2dd3cc608d9d4ba34, counter=11}, lastWriteDate=Sun Aug 02 14:28:07 IST 2026, lastUpdateTimeNanos=14093104541500}
2026-08-02T14:28:07.882+05:30  INFO 4792 --- [internship-management] [           main] o.s.b.t.m.w.SpringBootMockServletContext : Initializing Spring TestDispatcherServlet ''
2026-08-02T14:28:07.882+05:30  INFO 4792 --- [internship-management] [           main] o.s.t.web.servlet.TestDispatcherServlet  : Initializing Servlet ''
2026-08-02T14:28:07.882+05:30  INFO 4792 --- [internship-management] [           main] o.s.t.web.servlet.TestDispatcherServlet  : Completed initialization in 0 ms
2026-08-02T14:28:07.908+05:30  INFO 4792 --- [internship-management] [           main] c.i.m.c.InternControllerIntegrationTest  : Started InternControllerIntegrationTest in 4.178 seconds (process running for 5.339)
2026-08-02T14:28:07.974+05:30  INFO 4792 --- [internship-management] [           main] org.mongodb.driver.cluster               : Waiting for server to become available for operation with ID 7. Remaining time: 30000 ms. Selector: ReadPreferenceServerSelector{readPreference=primary}, topology description: {type=REPLICA_SET, servers=[{address=cluster0-shard-00-00.2ndv7.mongodb.net:27017, type=REPLICA_SET_SECONDARY, TagSet{[Tag{name='availabilityZone', value='asia-south1-a'}, Tag{name='cacheState', value='READY'}, Tag{name='diskState', value='READY'}, Tag{name='nodeType', value='ELECTABLE'}, Tag{name='provider', value='GCP'}, Tag{name='region', value='ASIA_SOUTH_1'}, Tag{name='workloadType', value='OPERATIONAL'}]}, roundTripTime=759.6 ms, state=CONNECTED}, {address=cluster0-shard-00-01.2ndv7.mongodb.net:27017, type=REPLICA_SET_SECONDARY, TagSet{[Tag{name='availabilityZone', value='asia-south1-b'}, Tag{name='cacheState', value='READY'}, Tag{name='diskState', value='READY'}, Tag{name='nodeType', value='ELECTABLE'}, Tag{name='provider', value='GCP'}, Tag{name='region', value='ASIA_SOUTH_1'}, Tag{name='workloadType', value='OPERATIONAL'}]}, roundTripTime=761.4 ms, state=CONNECTED}, {address=cluster0-shard-00-02.2ndv7.mongodb.net:27017, type=UNKNOWN, state=CONNECTING}].
2026-08-02T14:28:08.002+05:30  INFO 4792 --- [internship-management] [ngodb.net:27017] org.mongodb.driver.cluster               : Monitor thread successfully connected to server with description ServerDescription{address=cluster0-shard-00-02.2ndv7.mongodb.net:27017, type=REPLICA_SET_PRIMARY, state=CONNECTED, ok=true, minWireVersion=0, maxWireVersion=25, maxDocumentSize=16777216, logicalSessionTimeoutMinutes=30, roundTripTimeNanos=1416789900, setName='atlas-e0a8cn-shard-0', canonicalAddress=cluster0-shard-00-02.2ndv7.mongodb.net:27017, hosts=[cluster0-shard-00-02.2ndv7.mongodb.net:27017, cluster0-shard-00-00.2ndv7.mongodb.net:27017, cluster0-shard-00-01.2ndv7.mongodb.net:27017], passives=[], arbiters=[], primary='cluster0-shard-00-02.2ndv7.mongodb.net:27017', tagSet=TagSet{[Tag{name='availabilityZone', value='asia-south1-c'}, Tag{name='cacheState', value='READY'}, Tag{name='diskState', value='READY'}, Tag{name='nodeType', value='ELECTABLE'}, Tag{name='provider', value='GCP'}, Tag{name='region', value='ASIA_SOUTH_1'}, Tag{name='workloadType', value='OPERATIONAL'}]}, electionId=7fffffff0000000000000093, setVersion=86, topologyVersion=TopologyVersion{processId=6a6cd89b2347e6d316dc5e7e, counter=21}, lastWriteDate=Sun Aug 02 14:28:07 IST 2026, lastUpdateTimeNanos=14093759991300}
2026-08-02T14:28:08.003+05:30  INFO 4792 --- [internship-management] [ngodb.net:27017] org.mongodb.driver.cluster               : Discovered replica set primary cluster0-shard-00-02.2ndv7.mongodb.net:27017 with max election id 7fffffff0000000000000093 and max set version 86
2026-08-02T14:28:15.450+05:30  WARN 4792 --- [internship-management] [           main] PageModule$PlainPageSerializationWarning : Serializing PageImpl instances as-is is not supported, meaning that there is no guarantee about the stability of the resulting JSON structure!
	For a stable JSON structure, please use Spring Data's PagedModel (globally via @EnableSpringDataWebSupport(pageSerializationMode = VIA_DTO))
	or Spring HATEOAS and Spring Data's PagedResourcesAssembler as documented in https://docs.spring.io/spring-data/commons/reference/repositories/core-extensions.html#core.web.pageables.

]]></system-out>
    <system-err><![CDATA[WARNING: A Java agent has been loaded dynamically (C:\Users\ASUS\.m2\repository\net\bytebuddy\byte-buddy-agent\1.14.18\byte-buddy-agent-1.14.18.jar)
WARNING: If a serviceability tool is in use, please run with -XX:+EnableDynamicAgentLoading to hide this warning
WARNING: If a serviceability tool is not in use, please run with -Djdk.instrument.traceUsage for more information
WARNING: Dynamic loading of agents will be disallowed by default in a future release
]]></system-err>
  </testcase>
</testsuite>