<?xml version="1.0" encoding="UTF-8"?>
<testsuite xmlns:xsi="http://www.w3.org/2001/XMLSchema-instance" xsi:noNamespaceSchemaLocation="https://maven.apache.org/surefire/maven-surefire-plugin/xsd/surefire-test-report-3.0.xsd" version="3.0" name="com.internship.management.controller.AuthControllerIntegrationTest" time="48.411" tests="1" errors="0" skipped="0" failures="0">
  <properties>
[...]
</properties>
  <testcase name="testAuthAndExceptionWorkflow" classname="com.internship.management.controller.AuthControllerIntegrationTest" time="7.52">
    <system-out><![CDATA[12:16:33.013 [main] INFO org.springframework.test.context.support.AnnotationConfigContextLoaderUtils -- Could not detect default configuration classes for test class [com.internship.management.controller.AuthControllerIntegrationTest]: AuthControllerIntegrationTest does not declare any static, non-private, non-final, nested classes annotated with @Configuration.
12:16:33.377 [main] INFO org.springframework.boot.test.context.SpringBootTestContextBootstrapper -- Found @SpringBootConfiguration com.internship.management.InternshipManagementApplication for test class com.internship.management.controller.AuthControllerIntegrationTest

  .   ____          _            __ _ _
 /\\ / ___'_ __ _ _(_)_ __  __ _ \ \ \ \
( ( )\___ | '_ | '_| | '_ \/ _` | \ \ \ \
 \\/  ___)| |_)| | | | | || (_| |  ) ) ) )
  '  |____| .__|_| |_|_| |_\__, | / / / /
 =========|_|==============|___/=/_/_/_/

 :: Spring Boot ::                (v3.3.2)

2026-07-28T12:16:34.283+05:30  INFO 3976 --- [internship-management] [           main] c.i.m.c.AuthControllerIntegrationTest    : Starting AuthControllerIntegrationTest using Java 17 with PID 3976 (started by ASUS in C:\Users\ASUS\OneDrive\Documents\GitHub\Internship_Management_and_Task_Tracking-System\backend)
2026-07-28T12:16:34.287+05:30  INFO 3976 --- [internship-management] [           main] c.i.m.c.AuthControllerIntegrationTest    : No active profile set, falling back to 1 default profile: "default"
2026-07-28T12:16:41.241+05:30  INFO 3976 --- [internship-management] [           main] .s.d.r.c.RepositoryConfigurationDelegate : Bootstrapping Spring Data MongoDB repositories in DEFAULT mode.
2026-07-28T12:16:42.221+05:30  INFO 3976 --- [internship-management] [           main] .s.d.r.c.RepositoryConfigurationDelegate : Finished Spring Data repository scanning in 834 ms. Found 6 MongoDB repository interfaces.
2026-07-28T12:16:46.361+05:30  INFO 3976 --- [internship-management] [           main] org.mongodb.driver.client                : MongoClient with metadata {"application": {"name": "Cluster0"}, "driver": {"name": "mongo-java-driver|sync|spring-boot", "version": "5.0.1"}, "os": {"type": "Windows", "name": "Windows 10", "architecture": "amd64", "version": "10.0"}, "platform": "Java/Oracle Corporation/17+35-LTS-2724"} created with settings MongoClientSettings{readPreference=primary, writeConcern=WriteConcern{w=null, wTimeout=null ms, journal=null}, retryWrites=true, retryReads=true, readConcern=ReadConcern{level=null}, credential=MongoCredential{mechanism=null, userName='Admin', source='admin', password=<hidden>, mechanismProperties=<hidden>}, transportSettings=null, commandListeners=[], codecRegistry=ProvidersCodecRegistry{codecProviders=[ValueCodecProvider{}, BsonValueCodecProvider{}, DBRefCodecProvider{}, DBObjectCodecProvider{}, DocumentCodecProvider{}, CollectionCodecProvider{}, IterableCodecProvider{}, MapCodecProvider{}, GeoJsonCodecProvider{}, GridFSFileCodecProvider{}, Jsr310CodecProvider{}, JsonObjectCodecProvider{}, BsonCodecProvider{}, EnumCodecProvider{}, com.mongodb.client.model.mql.ExpressionCodecProvider@62cbc478, com.mongodb.Jep395RecordCodecProvider@5438fa43, com.mongodb.KotlinCodecProvider@512abf25]}, loggerSettings=LoggerSettings{maxDocumentLength=1000}, clusterSettings={hosts=[127.0.0.1:27017], srvHost=cluster0.2ndv7.mongodb.net, srvServiceName=mongodb, mode=MULTIPLE, requiredClusterType=REPLICA_SET, requiredReplicaSetName='atlas-e0a8cn-shard-0', serverSelector='null', clusterListeners='[]', serverSelectionTimeout='30000 ms', localThreshold='15 ms'}, socketSettings=SocketSettings{connectTimeoutMS=10000, readTimeoutMS=0, receiveBufferSize=0, proxySettings=ProxySettings{host=null, port=null, username=null, password=null}}, heartbeatSocketSettings=SocketSettings{connectTimeoutMS=10000, readTimeoutMS=10000, receiveBufferSize=0, proxySettings=ProxySettings{host=null, port=null, username=null, password=null}}, connectionPoolSettings=ConnectionPoolSettings{maxSize=100, minSize=0, maxWaitTimeMS=120000, maxConnectionLifeTimeMS=0, maxConnectionIdleTimeMS=0, maintenanceInitialDelayMS=0, maintenanceFrequencyMS=60000, connectionPoolListeners=[], maxConnecting=2}, serverSettings=ServerSettings{heartbeatFrequencyMS=10000, minHeartbeatFrequencyMS=500, serverListeners='[]', serverMonitorListeners='[]'}, sslSettings=SslSettings{enabled=true, invalidHostNameAllowed=false, context=null}, applicationName='Cluster0', compressorList=[], uuidRepresentation=JAVA_LEGACY, serverApi=null, autoEncryptionSettings=null, dnsClient=null, inetAddressResolver=null, contextProvider=null}
2026-07-28T12:16:46.796+05:30  INFO 3976 --- [internship-management] [dv7.mongodb.net] org.mongodb.driver.cluster               : Adding discovered server cluster0-shard-00-01.2ndv7.mongodb.net:27017 to client view of cluster
2026-07-28T12:16:47.674+05:30  INFO 3976 --- [internship-management] [dv7.mongodb.net] org.mongodb.driver.cluster               : Adding discovered server cluster0-shard-00-00.2ndv7.mongodb.net:27017 to client view of cluster
2026-07-28T12:16:47.808+05:30  INFO 3976 --- [internship-management] [dv7.mongodb.net] org.mongodb.driver.cluster               : Adding discovered server cluster0-shard-00-02.2ndv7.mongodb.net:27017 to client view of cluster
2026-07-28T12:16:57.308+05:30  INFO 3976 --- [internship-management] [ngodb.net:27017] org.mongodb.driver.cluster               : Monitor thread successfully connected to server with description ServerDescription{address=cluster0-shard-00-00.2ndv7.mongodb.net:27017, type=REPLICA_SET_SECONDARY, state=CONNECTED, ok=true, minWireVersion=0, maxWireVersion=25, maxDocumentSize=16777216, logicalSessionTimeoutMinutes=30, roundTripTimeNanos=6347533700, setName='atlas-e0a8cn-shard-0', canonicalAddress=cluster0-shard-00-00.2ndv7.mongodb.net:27017, hosts=[cluster0-shard-00-02.2ndv7.mongodb.net:27017, cluster0-shard-00-00.2ndv7.mongodb.net:27017, cluster0-shard-00-01.2ndv7.mongodb.net:27017], passives=[], arbiters=[], primary='cluster0-shard-00-02.2ndv7.mongodb.net:27017', tagSet=TagSet{[Tag{name='availabilityZone', value='asia-south1-a'}, Tag{name='cacheState', value='READY'}, Tag{name='diskState', value='READY'}, Tag{name='nodeType', value='ELECTABLE'}, Tag{name='provider', value='GCP'}, Tag{name='region', value='ASIA_SOUTH_1'}, Tag{name='workloadType', value='OPERATIONAL'}]}, electionId=null, setVersion=77, topologyVersion=TopologyVersion{processId=6a665cd0614994871f5267b9, counter=4}, lastWriteDate=Tue Jul 28 12:16:57 IST 2026, lastUpdateTimeNanos=753265618820700}
2026-07-28T12:16:57.320+05:30  INFO 3976 --- [internship-management] [ngodb.net:27017] org.mongodb.driver.cluster               : Monitor thread successfully connected to server with description ServerDescription{address=cluster0-shard-00-01.2ndv7.mongodb.net:27017, type=REPLICA_SET_SECONDARY, state=CONNECTED, ok=true, minWireVersion=0, maxWireVersion=25, maxDocumentSize=16777216, logicalSessionTimeoutMinutes=30, roundTripTimeNanos=6343653600, setName='atlas-e0a8cn-shard-0', canonicalAddress=cluster0-shard-00-01.2ndv7.mongodb.net:27017, hosts=[cluster0-shard-00-02.2ndv7.mongodb.net:27017, cluster0-shard-00-00.2ndv7.mongodb.net:27017, cluster0-shard-00-01.2ndv7.mongodb.net:27017], passives=[], arbiters=[], primary='cluster0-shard-00-02.2ndv7.mongodb.net:27017', tagSet=TagSet{[Tag{name='availabilityZone', value='asia-south1-b'}, Tag{name='cacheState', value='READY'}, Tag{name='diskState', value='READY'}, Tag{name='nodeType', value='ELECTABLE'}, Tag{name='provider', value='GCP'}, Tag{name='region', value='ASIA_SOUTH_1'}, Tag{name='workloadType', value='OPERATIONAL'}]}, electionId=null, setVersion=77, topologyVersion=TopologyVersion{processId=6a6661d0c753c344933f8efb, counter=3}, lastWriteDate=Tue Jul 28 12:16:57 IST 2026, lastUpdateTimeNanos=753265614749400}
2026-07-28T12:16:57.256+05:30  INFO 3976 --- [internship-management] [ngodb.net:27017] org.mongodb.driver.cluster               : Monitor thread successfully connected to server with description ServerDescription{address=cluster0-shard-00-02.2ndv7.mongodb.net:27017, type=REPLICA_SET_PRIMARY, state=CONNECTED, ok=true, minWireVersion=0, maxWireVersion=25, maxDocumentSize=16777216, logicalSessionTimeoutMinutes=30, roundTripTimeNanos=6351541500, setName='atlas-e0a8cn-shard-0', canonicalAddress=cluster0-shard-00-02.2ndv7.mongodb.net:27017, hosts=[cluster0-shard-00-02.2ndv7.mongodb.net:27017, cluster0-shard-00-00.2ndv7.mongodb.net:27017, cluster0-shard-00-01.2ndv7.mongodb.net:27017], passives=[], arbiters=[], primary='cluster0-shard-00-02.2ndv7.mongodb.net:27017', tagSet=TagSet{[Tag{name='availabilityZone', value='asia-south1-c'}, Tag{name='cacheState', value='READY'}, Tag{name='diskState', value='READY'}, Tag{name='nodeType', value='ELECTABLE'}, Tag{name='provider', value='GCP'}, Tag{name='region', value='ASIA_SOUTH_1'}, Tag{name='workloadType', value='OPERATIONAL'}]}, electionId=7fffffff000000000000008e, setVersion=77, topologyVersion=TopologyVersion{processId=6a665f44cbcc1f3325ed3346, counter=6}, lastWriteDate=Tue Jul 28 12:16:57 IST 2026, lastUpdateTimeNanos=753265617347100}
2026-07-28T12:16:57.382+05:30  INFO 3976 --- [internship-management] [ngodb.net:27017] org.mongodb.driver.cluster               : Discovered replica set primary cluster0-shard-00-02.2ndv7.mongodb.net:27017 with max election id 7fffffff000000000000008e and max set version 77
2026-07-28T12:16:59.894+05:30  INFO 3976 --- [internship-management] [           main] eAuthenticationProviderManagerConfigurer : Global AuthenticationManager configured with AuthenticationProvider bean with name authenticationProvider
2026-07-28T12:16:59.901+05:30  WARN 3976 --- [internship-management] [           main] r$InitializeUserDetailsManagerConfigurer : Global AuthenticationManager configured with an AuthenticationProvider bean. UserDetailsService beans will not be used for username/password login. Consider removing the AuthenticationProvider bean. Alternatively, consider using the UserDetailsService in a manually instantiated DaoAuthenticationProvider.
2026-07-28T12:17:12.997+05:30  INFO 3976 --- [internship-management] [           main] o.s.b.t.m.w.SpringBootMockServletContext : Initializing Spring TestDispatcherServlet ''
2026-07-28T12:17:12.997+05:30  INFO 3976 --- [internship-management] [           main] o.s.t.web.servlet.TestDispatcherServlet  : Initializing Servlet ''
2026-07-28T12:17:12.997+05:30  INFO 3976 --- [internship-management] [           main] o.s.t.web.servlet.TestDispatcherServlet  : Completed initialization in 0 ms
2026-07-28T12:17:13.220+05:30  INFO 3976 --- [internship-management] [           main] c.i.m.c.AuthControllerIntegrationTest    : Started AuthControllerIntegrationTest in 39.526 seconds (process running for 41.642)
]]></system-out>
  </testcase>
</testsuite>